# JRE version: Java(TM) SE Runtime Environment (8.0_112-b16) (build 1.8.0_112-b16)
# Java VM: Java HotSpot(TM) 64-Bit Server VM (25.112-b16 mixed mode bsd-amd64 compressed oops)
Heap:
 PSYoungGen      total 95744K, used 14525K [0x00000007aab00000, 0x00000007b2580000, 0x00000007c0000000)
  eden space 77312K, 10% used [0x00000007aab00000,0x00000007ab2bb010,0x00000007af680000)
  from space 18432K, 35% used [0x00000007b1380000,0x00000007b19f45f8,0x00000007b2580000)
  to   space 24064K, 0% used [0x00000007af680000,0x00000007af680000,0x00000007b0e00000)
 ParOldGen       total 178688K, used 100503K [0x0000000780000000, 0x000000078ae80000, 0x00000007aab00000)
  object space 178688K, 56% used [0x0000000780000000,0x0000000786225c18,0x000000078ae80000)
 Metaspace       used 62679K, capacity 65577K, committed 65920K, reserved 1103872K
  class space    used 9718K, capacity 10576K, committed 10624K, reserved 1048576K
GC Heap History (10 events):
Event: 26.314 GC heap before
{Heap before GC invocations=27 (full 6):
 PSYoungGen      total 85504K, used 64139K [0x00000007aab00000, 0x00000007b1e00000, 0x00000007c0000000)
  eden space 60928K, 93% used [0x00000007aab00000,0x00000007ae2af7e8,0x00000007ae680000)
  from space 24576K, 28% used [0x00000007ae680000,0x00000007aed737c0,0x00000007afe80000)
  to   space 23040K, 0% used [0x00000007b0780000,0x00000007b0780000,0x00000007b1e00000)
 ParOldGen       total 142848K, used 134735K [0x0000000780000000, 0x0000000788b80000, 0x00000007aab00000)
  object space 142848K, 94% used [0x0000000780000000,0x0000000788393fe0,0x0000000788b80000)
 Metaspace       used 60880K, capacity 63503K, committed 63872K, reserved 1103872K
  class space    used 9525K, capacity 10317K, committed 10368K, reserved 1048576K
Event: 26.449 GC heap after
Heap after GC invocations=27 (full 6):
 PSYoungGen      total 85504K, used 0K [0x00000007aab00000, 0x00000007b1e00000, 0x00000007c0000000)
  eden space 60928K, 0% used [0x00000007aab00000,0x00000007aab00000,0x00000007ae680000)
  from space 24576K, 0% used [0x00000007ae680000,0x00000007ae680000,0x00000007afe80000)
  to   space 23040K, 0% used [0x00000007b0780000,0x00000007b0780000,0x00000007b1e00000)
 ParOldGen       total 157184K, used 80814K [0x0000000780000000, 0x0000000789980000, 0x00000007aab00000)
  object space 157184K, 51% used [0x0000000780000000,0x0000000784eebaa0,0x0000000789980000)
 Metaspace       used 60880K, capacity 63503K, committed 63872K, reserved 1103872K
  class space    used 9525K, capacity 10317K, committed 10368K, reserved 1048576K
}
Event: 26.779 GC heap before
{Heap before GC invocations=28 (full 6):
 PSYoungGen      total 85504K, used 51643K [0x00000007aab00000, 0x00000007b1e00000, 0x00000007c0000000)
  eden space 60928K, 84% used [0x00000007aab00000,0x00000007add6ed30,0x00000007ae680000)
  from space 24576K, 0% used [0x00000007ae680000,0x00000007ae680000,0x00000007afe80000)
  to   space 23040K, 0% used [0x00000007b0780000,0x00000007b0780000,0x00000007b1e00000)
 ParOldGen       total 157184K, used 80814K [0x0000000780000000, 0x0000000789980000, 0x00000007aab00000)
  object space 157184K, 51% used [0x0000000780000000,0x0000000784eebaa0,0x0000000789980000)
 Metaspace       used 61181K, capacity 63791K, committed 64128K, reserved 1103872K
  class space    used 9566K, capacity 10349K, committed 10368K, reserved 1048576K
Event: 26.792 GC heap after
Heap after GC invocations=28 (full 6):
 PSYoungGen      total 92160K, used 18880K [0x00000007aab00000, 0x00000007b2200000, 0x00000007c0000000)
  eden space 69120K, 0% used [0x00000007aab00000,0x00000007aab00000,0x00000007aee80000)
  from space 23040K, 81% used [0x00000007b0780000,0x00000007b19f0020,0x00000007b1e00000)
  to   space 25600K, 0% used [0x00000007aee80000,0x00000007aee80000,0x00000007b0780000)
 ParOldGen       total 157184K, used 100991K [0x0000000780000000, 0x0000000789980000, 0x00000007aab00000)
  object space 157184K, 64% used [0x0000000780000000,0x000000078629fc98,0x0000000789980000)
 Metaspace       used 61181K, capacity 63791K, committed 64128K, reserved 1103872K
  class space    used 9566K, capacity 10349K, committed 10368K, reserved 1048576K
}
Event: 26.916 GC heap before
{Heap before GC invocations=29 (full 6):
 PSYoungGen      total 92160K, used 87992K [0x00000007aab00000, 0x00000007b2200000, 0x00000007c0000000)
  eden space 69120K, 99% used [0x00000007aab00000,0x00000007aee7e078,0x00000007aee80000)
  from space 23040K, 81% used [0x00000007b0780000,0x00000007b19f0020,0x00000007b1e00000)
  to   space 25600K, 0% used [0x00000007aee80000,0x00000007aee80000,0x00000007b0780000)
 ParOldGen       total 157184K, used 100991K [0x0000000780000000, 0x0000000789980000, 0x00000007aab00000)
  object space 157184K, 64% used [0x0000000780000000,0x000000078629fc98,0x0000000789980000)
 Metaspace       used 61181K, capacity 63791K, committed 64128K, reserved 1103872K
  class space    used 9566K, capacity 10349K, committed 10368K, reserved 1048576K
Event: 26.927 GC heap after
Heap after GC invocations=29 (full 6):
 PSYoungGen      total 94720K, used 416K [0x00000007aab00000, 0x00000007b2c80000, 0x00000007c0000000)
  eden space 69120K, 0% used [0x00000007aab00000,0x00000007aab00000,0x00000007aee80000)
  from space 25600K, 1% used [0x00000007aee80000,0x00000007aeee8000,0x00000007b0780000)
  to   space 25600K, 0% used [0x00000007b1380000,0x00000007b1380000,0x00000007b2c80000)
 ParOldGen       total 157184K, used 137863K [0x0000000780000000, 0x0000000789980000, 0x00000007aab00000)
  object space 157184K, 87% used [0x0000000780000000,0x00000007886a1ca8,0x0000000789980000)
 Metaspace       used 61181K, capacity 63791K, committed 64128K, reserved 1103872K
  class space    used 9566K, capacity 10349K, committed 10368K, reserved 1048576K
}
Event: 26.928 GC heap before
{Heap before GC invocations=30 (full 7):
 PSYoungGen      total 94720K, used 416K [0x00000007aab00000, 0x00000007b2c80000, 0x00000007c0000000)
  eden space 69120K, 0% used [0x00000007aab00000,0x00000007aab00000,0x00000007aee80000)
  from space 25600K, 1% used [0x00000007aee80000,0x00000007aeee8000,0x00000007b0780000)
  to   space 25600K, 0% used [0x00000007b1380000,0x00000007b1380000,0x00000007b2c80000)
 ParOldGen       total 157184K, used 137863K [0x0000000780000000, 0x0000000789980000, 0x00000007aab00000)
  object space 157184K, 87% used [0x0000000780000000,0x00000007886a1ca8,0x0000000789980000)
 Metaspace       used 61181K, capacity 63791K, committed 64128K, reserved 1103872K
  class space    used 9566K, capacity 10349K, committed 10368K, reserved 1048576K
Event: 27.037 GC heap after
Heap after GC invocations=30 (full 7):
 PSYoungGen      total 94720K, used 0K [0x00000007aab00000, 0x00000007b2c80000, 0x00000007c0000000)
  eden space 69120K, 0% used [0x00000007aab00000,0x00000007aab00000,0x00000007aee80000)
  from space 25600K, 0% used [0x00000007aee80000,0x00000007aee80000,0x00000007b0780000)
  to   space 25600K, 0% used [0x00000007b1380000,0x00000007b1380000,0x00000007b2c80000)
 ParOldGen       total 178688K, used 80318K [0x0000000780000000, 0x000000078ae80000, 0x00000007aab00000)
  object space 178688K, 44% used [0x0000000780000000,0x0000000784e6fa20,0x000000078ae80000)
 Metaspace       used 61181K, capacity 63791K, committed 64128K, reserved 1103872K
  class space    used 9566K, capacity 10349K, committed 10368K, reserved 1048576K
}
Event: 57.747 GC heap before
{Heap before GC invocations=31 (full 7):
 PSYoungGen      total 94720K, used 69120K [0x00000007aab00000, 0x00000007b2c80000, 0x00000007c0000000)
  eden space 69120K, 100% used [0x00000007aab00000,0x00000007aee80000,0x00000007aee80000)
  from space 25600K, 0% used [0x00000007aee80000,0x00000007aee80000,0x00000007b0780000)
  to   space 25600K, 0% used [0x00000007b1380000,0x00000007b1380000,0x00000007b2c80000)
 ParOldGen       total 178688K, used 80318K [0x0000000780000000, 0x000000078ae80000, 0x00000007aab00000)
  object space 178688K, 44% used [0x0000000780000000,0x0000000784e6fa20,0x000000078ae80000)
 Metaspace       used 62419K, capacity 65289K, committed 65664K, reserved 1103872K
  class space    used 9694K, capacity 10544K, committed 10624K, reserved 1048576K
Event: 57.763 GC heap after
Heap after GC invocations=31 (full 7):
 PSYoungGen      total 95744K, used 6609K [0x00000007aab00000, 0x00000007b2580000, 0x00000007c0000000)
  eden space 77312K, 0% used [0x00000007aab00000,0x00000007aab00000,0x00000007af680000)
  from space 18432K, 35% used [0x00000007b1380000,0x00000007b19f45f8,0x00000007b2580000)
  to   space 24064K, 0% used [0x00000007af680000,0x00000007af680000,0x00000007b0e00000)
 ParOldGen       total 178688K, used 100503K [0x0000000780000000, 0x000000078ae80000, 0x00000007aab00000)
  object space 178688K, 56% used [0x0000000780000000,0x0000000786225c18,0x000000078ae80000)
 Metaspace       used 62419K, capacity 65289K, committed 65664K, reserved 1103872K
  class space    used 9694K, capacity 10544K, committed 10624K, reserved 1048576K
}

