# JRE version: Java(TM) SE Runtime Environment (8.0_112-b16) (build 1.8.0_112-b16)
# Java VM: Java HotSpot(TM) 64-Bit Server VM (25.112-b16 mixed mode bsd-amd64 compressed oops)
Heap:
 PSYoungGen      total 81920K, used 28941K [0x00000007aab00000, 0x00000007b1c80000, 0x00000007c0000000)
  eden space 58368K, 9% used [0x00000007aab00000,0x00000007ab064928,0x00000007ae400000)
  from space 23552K, 99% used [0x00000007ae400000,0x00000007afadeed0,0x00000007afb00000)
  to   space 27648K, 0% used [0x00000007b0180000,0x00000007b0180000,0x00000007b1c80000)
 ParOldGen       total 182272K, used 81566K [0x0000000780000000, 0x000000078b200000, 0x00000007aab00000)
  object space 182272K, 44% used [0x0000000780000000,0x0000000784fa7b20,0x000000078b200000)
 Metaspace       used 62502K, capacity 65345K, committed 65664K, reserved 1103872K
  class space    used 9709K, capacity 10545K, committed 10624K, reserved 1048576K
GC Heap History (10 events):
Event: 23.830 GC heap before
{Heap before GC invocations=22 (full 5):
 PSYoungGen      total 65024K, used 57293K [0x00000007aab00000, 0x00000007b2080000, 0x00000007c0000000)
  eden space 57344K, 99% used [0x00000007aab00000,0x00000007ae2f3640,0x00000007ae300000)
  from space 7680K, 0% used [0x00000007af880000,0x00000007af880000,0x00000007b0000000)
  to   space 22016K, 0% used [0x00000007ae300000,0x00000007ae300000,0x00000007af880000)
 ParOldGen       total 138240K, used 77403K [0x0000000780000000, 0x0000000788700000, 0x00000007aab00000)
  object space 138240K, 55% used [0x0000000780000000,0x0000000784b96d70,0x0000000788700000)
 Metaspace       used 60768K, capacity 63361K, committed 63616K, reserved 1101824K
  class space    used 9507K, capacity 10317K, committed 10368K, reserved 1048576K
Event: 23.849 GC heap after
Heap after GC invocations=22 (full 5):
 PSYoungGen      total 79360K, used 7040K [0x00000007aab00000, 0x00000007b0f80000, 0x00000007c0000000)
  eden space 57344K, 0% used [0x00000007aab00000,0x00000007aab00000,0x00000007ae300000)
  from space 22016K, 31% used [0x00000007ae300000,0x00000007ae9e0080,0x00000007af880000)
  to   space 20992K, 0% used [0x00000007afb00000,0x00000007afb00000,0x00000007b0f80000)
 ParOldGen       total 138240K, used 97587K [0x0000000780000000, 0x0000000788700000, 0x00000007aab00000)
  object space 138240K, 70% used [0x0000000780000000,0x0000000785f4cf68,0x0000000788700000)
 Metaspace       used 60768K, capacity 63361K, committed 63616K, reserved 1101824K
  class space    used 9507K, capacity 10317K, committed 10368K, reserved 1048576K
}
Event: 24.275 GC heap before
{Heap before GC invocations=23 (full 6):
 PSYoungGen      total 79360K, used 64384K [0x00000007aab00000, 0x00000007b0f80000, 0x00000007c0000000)
  eden space 57344K, 100% used [0x00000007aab00000,0x00000007ae300000,0x00000007ae300000)
  from space 22016K, 31% used [0x00000007ae300000,0x00000007ae9e0080,0x00000007af880000)
  to   space 20992K, 0% used [0x00000007afb00000,0x00000007afb00000,0x00000007b0f80000)
 ParOldGen       total 138240K, used 134451K [0x0000000780000000, 0x0000000788700000, 0x00000007aab00000)
  object space 138240K, 97% used [0x0000000780000000,0x000000078834cf78,0x0000000788700000)
 Metaspace       used 60784K, capacity 63367K, committed 63616K, reserved 1101824K
  class space    used 9508K, capacity 10318K, committed 10368K, reserved 1048576K
Event: 24.392 GC heap after
Heap after GC invocations=23 (full 6):
 PSYoungGen      total 79360K, used 0K [0x00000007aab00000, 0x00000007b0f80000, 0x00000007c0000000)
  eden space 57344K, 0% used [0x00000007aab00000,0x00000007aab00000,0x00000007ae300000)
  from space 22016K, 0% used [0x00000007ae300000,0x00000007ae300000,0x00000007af880000)
  to   space 20992K, 0% used [0x00000007afb00000,0x00000007afb00000,0x00000007b0f80000)
 ParOldGen       total 161792K, used 80507K [0x0000000780000000, 0x0000000789e00000, 0x00000007aab00000)
  object space 161792K, 49% used [0x0000000780000000,0x0000000784e9ef78,0x0000000789e00000)
 Metaspace       used 60784K, capacity 63367K, committed 63616K, reserved 1101824K
  class space    used 9508K, capacity 10318K, committed 10368K, reserved 1048576K
}
Event: 24.775 GC heap before
{Heap before GC invocations=24 (full 6):
 PSYoungGen      total 79360K, used 56435K [0x00000007aab00000, 0x00000007b0f80000, 0x00000007c0000000)
  eden space 57344K, 98% used [0x00000007aab00000,0x00000007ae21ccf0,0x00000007ae300000)
  from space 22016K, 0% used [0x00000007ae300000,0x00000007ae300000,0x00000007af880000)
  to   space 20992K, 0% used [0x00000007afb00000,0x00000007afb00000,0x00000007b0f80000)
 ParOldGen       total 161792K, used 80507K [0x0000000780000000, 0x0000000789e00000, 0x00000007aab00000)
  object space 161792K, 49% used [0x0000000780000000,0x0000000784e9ef78,0x0000000789e00000)
 Metaspace       used 61086K, capacity 63719K, committed 63872K, reserved 1103872K
  class space    used 9549K, capacity 10350K, committed 10368K, reserved 1048576K
Event: 24.789 GC heap after
Heap after GC invocations=24 (full 6):
 PSYoungGen      total 79360K, used 18880K [0x00000007aab00000, 0x00000007b1500000, 0x00000007c0000000)
  eden space 58368K, 0% used [0x00000007aab00000,0x00000007aab00000,0x00000007ae400000)
  from space 20992K, 89% used [0x00000007afb00000,0x00000007b0d70020,0x00000007b0f80000)
  to   space 23552K, 0% used [0x00000007ae400000,0x00000007ae400000,0x00000007afb00000)
 ParOldGen       total 161792K, used 100692K [0x0000000780000000, 0x0000000789e00000, 0x00000007aab00000)
  object space 161792K, 62% used [0x0000000780000000,0x0000000786255170,0x0000000789e00000)
 Metaspace       used 61086K, capacity 63719K, committed 63872K, reserved 1103872K
  class space    used 9549K, capacity 10350K, committed 10368K, reserved 1048576K
}
Event: 25.116 GC heap before
{Heap before GC invocations=25 (full 7):
 PSYoungGen      total 79360K, used 59276K [0x00000007aab00000, 0x00000007b1500000, 0x00000007c0000000)
  eden space 58368K, 69% used [0x00000007aab00000,0x00000007ad273390,0x00000007ae400000)
  from space 20992K, 89% used [0x00000007afb00000,0x00000007b0d70020,0x00000007b0f80000)
  to   space 23552K, 0% used [0x00000007ae400000,0x00000007ae400000,0x00000007afb00000)
 ParOldGen       total 161792K, used 137556K [0x0000000780000000, 0x0000000789e00000, 0x00000007aab00000)
  object space 161792K, 85% used [0x0000000780000000,0x0000000788655180,0x0000000789e00000)
 Metaspace       used 61673K, capacity 64307K, committed 64512K, reserved 1103872K
  class space    used 9644K, capacity 10480K, committed 10496K, reserved 1048576K
Event: 25.233 GC heap after
Heap after GC invocations=25 (full 7):
 PSYoungGen      total 79360K, used 0K [0x00000007aab00000, 0x00000007b1500000, 0x00000007c0000000)
  eden space 58368K, 0% used [0x00000007aab00000,0x00000007aab00000,0x00000007ae400000)
  from space 20992K, 0% used [0x00000007afb00000,0x00000007afb00000,0x00000007b0f80000)
  to   space 23552K, 0% used [0x00000007ae400000,0x00000007ae400000,0x00000007afb00000)
 ParOldGen       total 182272K, used 81558K [0x0000000780000000, 0x000000078b200000, 0x00000007aab00000)
  object space 182272K, 44% used [0x0000000780000000,0x0000000784fa5b20,0x000000078b200000)
 Metaspace       used 61673K, capacity 64307K, committed 64512K, reserved 1103872K
  class space    used 9644K, capacity 10480K, committed 10496K, reserved 1048576K
}
Event: 41.534 GC heap before
{Heap before GC invocations=26 (full 7):
 PSYoungGen      total 79360K, used 58368K [0x00000007aab00000, 0x00000007b1500000, 0x00000007c0000000)
  eden space 58368K, 100% used [0x00000007aab00000,0x00000007ae400000,0x00000007ae400000)
  from space 20992K, 0% used [0x00000007afb00000,0x00000007afb00000,0x00000007b0f80000)
  to   space 23552K, 0% used [0x00000007ae400000,0x00000007ae400000,0x00000007afb00000)
 ParOldGen       total 182272K, used 81558K [0x0000000780000000, 0x000000078b200000, 0x00000007aab00000)
  object space 182272K, 44% used [0x0000000780000000,0x0000000784fa5b20,0x000000078b200000)
 Metaspace       used 62243K, capacity 65057K, committed 65408K, reserved 1103872K
  class space    used 9683K, capacity 10513K, committed 10624K, reserved 1048576K
Event: 41.545 GC heap after
Heap after GC invocations=26 (full 7):
 PSYoungGen      total 81920K, used 23419K [0x00000007aab00000, 0x00000007b1c80000, 0x00000007c0000000)
  eden space 58368K, 0% used [0x00000007aab00000,0x00000007aab00000,0x00000007ae400000)
  from space 23552K, 99% used [0x00000007ae400000,0x00000007afadeed0,0x00000007afb00000)
  to   space 27648K, 0% used [0x00000007b0180000,0x00000007b0180000,0x00000007b1c80000)
 ParOldGen       total 182272K, used 81566K [0x0000000780000000, 0x000000078b200000, 0x00000007aab00000)
  object space 182272K, 44% used [0x0000000780000000,0x0000000784fa7b20,0x000000078b200000)
 Metaspace       used 62243K, capacity 65057K, committed 65408K, reserved 1103872K
  class space    used 9683K, capacity 10513K, committed 10624K, reserved 1048576K
}

